<?xml version="1.0" encoding="UTF-8"?>
<testng-results skipped="0" failed="0" ignored="0" total="4" passed="4">
  <reporter-output>
  </reporter-output>
  <suite name="Parallel test Suite" duration-ms="41751" started-at="2021-10-03T13:17:07 IST" finished-at="2021-10-03T13:17:49 IST">
    <groups>
    </groups>
    <test name="Chrome Test" duration-ms="37181" started-at="2021-10-03T13:17:07 IST" finished-at="2021-10-03T13:17:45 IST">
      <class name="seleniumproject.parallelTest">
        <test-method status="PASS" signature="openbrowser(java.lang.String)[pri:0, instance:seleniumproject.parallelTest@d6da883]" name="openbrowser" is-config="true" duration-ms="5091" started-at="2021-10-03T13:17:07 IST" finished-at="2021-10-03T13:17:13 IST">
          <params>
            <param index="0">
              <value>
                <![CDATA[Chrome]]>
              </value>
            </param>
          </params>
          <reporter-output>
          </reporter-output>
        </test-method> <!-- openbrowser -->
        <test-method status="PASS" signature="login_Testcase()[pri:0, instance:seleniumproject.parallelTest@d6da883]" name="login_Testcase" duration-ms="8352" started-at="2021-10-03T13:17:13 IST" finished-at="2021-10-03T13:17:21 IST">
          <reporter-output>
          </reporter-output>
        </test-method> <!-- login_Testcase -->
        <test-method status="PASS" signature="search_Testcase()[pri:0, instance:seleniumproject.parallelTest@d6da883]" name="search_Testcase" duration-ms="20753" started-at="2021-10-03T13:17:21 IST" finished-at="2021-10-03T13:17:42 IST">
          <reporter-output>
          </reporter-output>
        </test-method> <!-- search_Testcase -->
        <test-method status="PASS" signature="close_browser()[pri:0, instance:seleniumproject.parallelTest@d6da883]" name="close_browser" is-config="true" duration-ms="2906" started-at="2021-10-03T13:17:42 IST" finished-at="2021-10-03T13:17:45 IST">
          <reporter-output>
          </reporter-output>
        </test-method> <!-- close_browser -->
      </class> <!-- seleniumproject.parallelTest -->
    </test> <!-- Chrome Test -->
    <test name="Firefox Test" duration-ms="41751" started-at="2021-10-03T13:17:07 IST" finished-at="2021-10-03T13:17:49 IST">
      <class name="seleniumproject.parallelTest">
        <test-method status="PASS" signature="openbrowser(java.lang.String)[pri:0, instance:seleniumproject.parallelTest@44f75083]" name="openbrowser" is-config="true" duration-ms="9353" started-at="2021-10-03T13:17:07 IST" finished-at="2021-10-03T13:17:17 IST">
          <params>
            <param index="0">
              <value>
                <![CDATA[Firefox]]>
              </value>
            </param>
          </params>
          <reporter-output>
          </reporter-output>
        </test-method> <!-- openbrowser -->
        <test-method status="PASS" signature="login_Testcase()[pri:0, instance:seleniumproject.parallelTest@44f75083]" name="login_Testcase" duration-ms="7784" started-at="2021-10-03T13:17:17 IST" finished-at="2021-10-03T13:17:25 IST">
          <reporter-output>
          </reporter-output>
        </test-method> <!-- login_Testcase -->
        <test-method status="PASS" signature="search_Testcase()[pri:0, instance:seleniumproject.parallelTest@44f75083]" name="search_Testcase" duration-ms="20499" started-at="2021-10-03T13:17:25 IST" finished-at="2021-10-03T13:17:45 IST">
          <reporter-output>
          </reporter-output>
        </test-method> <!-- search_Testcase -->
        <test-method status="PASS" signature="close_browser()[pri:0, instance:seleniumproject.parallelTest@44f75083]" name="close_browser" is-config="true" duration-ms="4097" started-at="2021-10-03T13:17:45 IST" finished-at="2021-10-03T13:17:49 IST">
          <reporter-output>
          </reporter-output>
        </test-method> <!-- close_browser -->
      </class> <!-- seleniumproject.parallelTest -->
    </test> <!-- Firefox Test -->
  </suite> <!-- Parallel test Suite -->
</testng-results>
